[2025-08-19T07:20:13.838109] SUCCESS: AEV-SUCCESS-001 → OK → Code 200
[2025-08-19T07:20:28.533941] SUCCESS: AEV-SUCCESS-001 → OK → Code 200
[2025-08-19T07:20:38.335517] FAILURE: AEV-FAIL-001 → Simulated failure via triggerFail → Code 500
[2025-08-19T07:21:03.663170] FAILURE: AEV-FAIL-001 → Simulated failure via triggerFail → Code 500
[2025-08-19T07:21:27.954478] FAILURE: AEV-FAIL-001 → Simulated failure via triggerFail → Code 500
[2025-08-19T07:21:29.559498] FAILURE: AEV-FAIL-001 → Simulated failure via triggerFail → Code 500
[2025-08-19T07:21:40.508917] FAILURE: AEV-FAIL-001 → Simulated failure via triggerFail → Code 500
[2025-08-19T07:21:40.509660] RETRY FAILURE: AEV-FAIL-001 → {"status":"error","error":"Simulated failure via triggerFail"} → Code 500
[2025-08-19T07:21:40.511545] SUCCESS: AEV-FAIL-001 → OK → Code 200
[2025-08-19T07:21:40.511961] RETRY SUCCESS: AEV-FAIL-001 → OK → Code 200
[2025-08-19T07:21:40.513244] SUCCESS: AEV-FAIL-001 → OK → Code 200
[2025-08-19T07:21:40.513612] RETRY SUCCESS: AEV-FAIL-001 → OK → Code 200
[2025-08-19T07:21:40.514769] SUCCESS: AEV-FAIL-001 → OK → Code 200
[2025-08-19T07:21:40.515217] RETRY SUCCESS: AEV-FAIL-001 → OK → Code 200
[2025-08-19T07:21:50.863436] FAILURE: AEV-FAIL-001 → Simulated failure via triggerFail → Code 500
[2025-08-19T07:21:50.864225] RETRY FAILURE: AEV-FAIL-001 → {"status":"error","error":"Simulated failure via triggerFail"} → Code 500
[2025-08-19T07:21:51.778911] FAILURE: AEV-FAIL-001 → Simulated failure via triggerFail → Code 500
[2025-08-19T07:21:51.779562] RETRY FAILURE: AEV-FAIL-001 → {"status":"error","error":"Simulated failure via triggerFail"} → Code 500
[2025-08-19T07:22:02.259889] FAILURE: AEV-FAIL-001 → Simulated failure via triggerFail → Code 500
[2025-08-19T07:22:03.096549] FAILURE: AEV-FAIL-001 → Simulated failure via triggerFail → Code 500
[2025-08-19T07:22:04.625653] FAILURE: AEV-FAIL-001 → Simulated failure via triggerFail → Code 500
[2025-08-19T07:22:06.700439] SUCCESS: AEV-FAIL-001 → OK → Code 200
[2025-08-19T07:22:06.701083] RETRY SUCCESS: AEV-FAIL-001 → OK → Code 200
[2025-08-19T07:22:06.703073] SUCCESS: AEV-FAIL-001 → OK → Code 200
[2025-08-19T07:22:06.703525] RETRY SUCCESS: AEV-FAIL-001 → OK → Code 200
[2025-08-19T07:22:06.704968] SUCCESS: AEV-FAIL-001 → OK → Code 200
[2025-08-19T07:22:06.705405] RETRY SUCCESS: AEV-FAIL-001 → OK → Code 200
